<?xml version="1.0" encoding="UTF-8"?>
<!-- Generated by org.testng.reporters.JUnitXMLReporter -->
<testsuite hostname="DESKTOP-8TV4K1J" ignored="0" name="Default test" tests="2" failures="0" timestamp="09 Jun 2020 15:50:05 GMT" time="147.626" errors="0">
  <testcase name="verifyContactsPageLabel" time="6.349" classname="com.crm.qa.testcases.ContactsPageTest"/>
  <testcase name="validateNewContact" time="4.586" classname="com.crm.qa.testcases.ContactsPageTest"/>
</testsuite> <!-- Default test -->
