<?xml version="1.0" encoding="UTF-8"?>
<testng-results skipped="0" failed="0" ignored="0" total="2" passed="2">
  <reporter-output>
  </reporter-output>
  <suite name="Default suite" duration-ms="147626" started-at="2020-06-09T15:47:37Z" finished-at="2020-06-09T15:50:05Z">
    <groups>
    </groups>
    <test name="Default test" duration-ms="147626" started-at="2020-06-09T15:47:37Z" finished-at="2020-06-09T15:50:05Z">
      <class name="com.crm.qa.testcases.ContactsPageTest">
        <test-method status="PASS" signature="setUp()[pri:0, instance:com.crm.qa.testcases.ContactsPageTest@31a5c39e]" name="setUp" is-config="true" duration-ms="62749" started-at="2020-06-09T15:47:37Z" finished-at="2020-06-09T15:48:40Z">
          <reporter-output>
          </reporter-output>
        </test-method> <!-- setUp -->
        <test-method status="PASS" signature="verifyContactsPageLabel()[pri:1, instance:com.crm.qa.testcases.ContactsPageTest@31a5c39e]" name="verifyContactsPageLabel" duration-ms="6349" started-at="2020-06-09T15:48:40Z" finished-at="2020-06-09T15:48:46Z">
          <reporter-output>
          </reporter-output>
        </test-method> <!-- verifyContactsPageLabel -->
        <test-method status="PASS" signature="tearDown()[pri:0, instance:com.crm.qa.testcases.ContactsPageTest@31a5c39e]" name="tearDown" is-config="true" duration-ms="0" started-at="2020-06-09T15:48:46Z" finished-at="2020-06-09T15:48:46Z">
          <reporter-output>
          </reporter-output>
        </test-method> <!-- tearDown -->
        <test-method status="PASS" signature="setUp()[pri:0, instance:com.crm.qa.testcases.ContactsPageTest@31a5c39e]" name="setUp" is-config="true" duration-ms="73836" started-at="2020-06-09T15:48:46Z" finished-at="2020-06-09T15:50:00Z">
          <reporter-output>
          </reporter-output>
        </test-method> <!-- setUp -->
        <test-method status="PASS" signature="validateNewContact()[pri:2, instance:com.crm.qa.testcases.ContactsPageTest@31a5c39e]" name="validateNewContact" duration-ms="4586" started-at="2020-06-09T15:50:00Z" finished-at="2020-06-09T15:50:05Z">
          <reporter-output>
          </reporter-output>
        </test-method> <!-- validateNewContact -->
        <test-method status="PASS" signature="tearDown()[pri:0, instance:com.crm.qa.testcases.ContactsPageTest@31a5c39e]" name="tearDown" is-config="true" duration-ms="2" started-at="2020-06-09T15:50:05Z" finished-at="2020-06-09T15:50:05Z">
          <reporter-output>
          </reporter-output>
        </test-method> <!-- tearDown -->
      </class> <!-- com.crm.qa.testcases.ContactsPageTest -->
    </test> <!-- Default test -->
  </suite> <!-- Default suite -->
</testng-results>
