<?xml version="1.0" encoding="UTF-8"?>
<!-- Generated by org.testng.reporters.JUnitXMLReporter -->
<testsuite hostname="DESKTOP-8TV4K1J" ignored="0" name="Free Crm Application Test Cases" tests="6" failures="0" timestamp="09 Jun 2020 08:15:39 GMT" time="153.722" errors="0">
  <testcase name="LoginPageTitleTest" time="1.017" classname="com.crm.qa.testcases.LoginPageTest"/>
  <testcase name="LoginTest" time="11.127" classname="com.crm.qa.testcases.LoginPageTest"/>
  <testcase name="verifyHomePageTitleTest" time="0.044" classname="com.crm.qa.testcases.HomePageTest"/>
  <testcase name="verifyContactsPageLabel" time="0.362" classname="com.crm.qa.testcases.ContactsPageTest"/>
  <testcase name="verifyUserNameTest" time="1.299" classname="com.crm.qa.testcases.HomePageTest"/>
  <testcase name="verifyContactsLinkTest" time="5.378" classname="com.crm.qa.testcases.HomePageTest"/>
</testsuite> <!-- Free Crm Application Test Cases -->
